<html>
<head>
<title>TestNG:  Surefire test</title>
<link href="../testng.css" rel="stylesheet" type="text/css" />
<link href="../my-testng.css" rel="stylesheet" type="text/css" />

<style type="text/css">
.log { display: none;} 
.stack-trace { display: none;} 
</style>
<script type="text/javascript">
<!--
function flip(e) {
  current = e.style.display;
  if (current == 'block') {
    e.style.display = 'none';
    return 0;
  }
  else {
    e.style.display = 'block';
    return 1;
  }
}

function toggleBox(szDivId, elem, msg1, msg2)
{
  var res = -1;  if (document.getElementById) {
    res = flip(document.getElementById(szDivId));
  }
  else if (document.all) {
    // this is the way old msie versions work
    res = flip(document.all[szDivId]);
  }
  if(elem) {
    if(res == 0) elem.innerHTML = msg1; else elem.innerHTML = msg2;
  }

}

function toggleAllBoxes() {
  if (document.getElementsByTagName) {
    d = document.getElementsByTagName('div');
    for (i = 0; i < d.length; i++) {
      if (d[i].className == 'log') {
        flip(d[i]);
      }
    }
  }
}

// -->
</script>

</head>
<body>
<h2 align='center'>Surefire test</h2><table border='1' align="center">
<tr>
<td>Tests passed/Failed/Skipped:</td><td>22/0/0</td>
</tr><tr>
<td>Started on:</td><td>Tue Jan 24 10:53:51 CET 2017</td>
</tr>
<tr><td>Total time:</td><td>0 seconds (199 ms)</td>
</tr><tr>
<td>Included groups:</td><td></td>
</tr><tr>
<td>Excluded groups:</td><td></td>
</tr>
</table><p/>
<small><i>(Hover the method name to see the test class name)</i></small><p/>
<table width='100%' border='1' class='invocation-passed'>
<tr><td colspan='4' align='center'><b>PASSED TESTS</b></td></tr>
<tr><td><b>Test method</b></td>
<td width="30%"><b>Exception</b></td>
<td width="10%"><b>Time (seconds)</b></td>
<td><b>Instance</b></td>
</tr>
<tr>
<td title='com.jakub.ajamarks.services.showdataservices.StudentServiceImplTest.deleteTest()'><b>deleteTest</b><br>Test class: com.jakub.ajamarks.services.showdataservices.StudentServiceImplTest</td>
<td></td>
<td>0</td>
<td>com.jakub.ajamarks.services.showdataservices.StudentServiceImplTest@7f690630</td></tr>
<tr>
<td title='com.jakub.ajamarks.services.showdataservices.StudentServiceImplTest.delete_IllegalArgumentExceptionTest()'><b>delete_IllegalArgumentExceptionTest</b><br>Test class: com.jakub.ajamarks.services.showdataservices.StudentServiceImplTest</td>
<td><div><pre>java.lang.IllegalArgumentException
</pre></div><a href='#' onClick='toggleBox("stack-trace2109874862", this, "Click to show all stack frames", "Click to hide stack frames")'>Click to show all stack frames</a>
<div class='stack-trace' id='stack-trace2109874862'><pre>java.lang.IllegalArgumentException
</pre></div></td>
<td>0</td>
<td>com.jakub.ajamarks.services.showdataservices.StudentServiceImplTest@7f690630</td></tr>
<tr>
<td title='com.jakub.ajamarks.services.showdataservices.StudentServiceImplTest.getAllTest()'><b>getAllTest</b><br>Test class: com.jakub.ajamarks.services.showdataservices.StudentServiceImplTest</td>
<td></td>
<td>0</td>
<td>com.jakub.ajamarks.services.showdataservices.StudentServiceImplTest@7f690630</td></tr>
<tr>
<td title='com.jakub.ajamarks.services.showdataservices.StudentServiceImplTest.getClassroomStudentsByClassroomNameDescLastNameTest()'><b>getClassroomStudentsByClassroomNameDescLastNameTest</b><br>Test class: com.jakub.ajamarks.services.showdataservices.StudentServiceImplTest</td>
<td></td>
<td>0</td>
<td>com.jakub.ajamarks.services.showdataservices.StudentServiceImplTest@7f690630</td></tr>
<tr>
<td title='com.jakub.ajamarks.services.showdataservices.StudentServiceImplTest.getClassroomStudentsByClassroomNameDescLastName_IllegalArgumentExceptionTest()'><b>getClassroomStudentsByClassroomNameDescLastName_IllegalArgumentExceptionTest</b><br>Test class: com.jakub.ajamarks.services.showdataservices.StudentServiceImplTest</td>
<td><div><pre>java.lang.IllegalArgumentException: classroom name can&apos;t be null
	at com.google.common.base.Preconditions.checkArgument(Preconditions.java:122)
	at com.jakub.ajamarks.services.showdataservices.StudentServiceImpl.getClassroomStudentsByClassroomNameDescLastName(StudentServiceImpl.java:76)
	at com.jakub.ajamarks.services.showdataservices.StudentServiceImplTest.getClassroomStudentsByClassroomNameDescLastName_IllegalArgumentExceptionTest(StudentServiceImplTest.java:234)
... Removed 28 stack frames</pre></div><a href='#' onClick='toggleBox("stack-trace398110318", this, "Click to show all stack frames", "Click to hide stack frames")'>Click to show all stack frames</a>
<div class='stack-trace' id='stack-trace398110318'><pre>java.lang.IllegalArgumentException: classroom name can&apos;t be null
	at com.google.common.base.Preconditions.checkArgument(Preconditions.java:122)
	at com.jakub.ajamarks.services.showdataservices.StudentServiceImpl.getClassroomStudentsByClassroomNameDescLastName(StudentServiceImpl.java:76)
	at com.jakub.ajamarks.services.showdataservices.StudentServiceImplTest.getClassroomStudentsByClassroomNameDescLastName_IllegalArgumentExceptionTest(StudentServiceImplTest.java:234)
	at sun.reflect.NativeMethodAccessorImpl.invoke0(Native Method)
	at sun.reflect.NativeMethodAccessorImpl.invoke(NativeMethodAccessorImpl.java:62)
	at sun.reflect.DelegatingMethodAccessorImpl.invoke(DelegatingMethodAccessorImpl.java:43)
	at java.lang.reflect.Method.invoke(Method.java:498)
	at org.testng.internal.MethodInvocationHelper.invokeMethod(MethodInvocationHelper.java:86)
	at org.testng.internal.Invoker.invokeMethod(Invoker.java:643)
	at org.testng.internal.Invoker.invokeTestMethod(Invoker.java:820)
	at org.testng.internal.Invoker.invokeTestMethods(Invoker.java:1128)
	at org.testng.internal.TestMethodWorker.invokeTestMethods(TestMethodWorker.java:129)
	at org.testng.internal.TestMethodWorker.run(TestMethodWorker.java:112)
	at org.testng.TestRunner.privateRun(TestRunner.java:782)
	at org.testng.TestRunner.run(TestRunner.java:632)
	at org.testng.SuiteRunner.runTest(SuiteRunner.java:366)
	at org.testng.SuiteRunner.runSequentially(SuiteRunner.java:361)
	at org.testng.SuiteRunner.privateRun(SuiteRunner.java:319)
	at org.testng.SuiteRunner.run(SuiteRunner.java:268)
	at org.testng.SuiteRunnerWorker.runSuite(SuiteRunnerWorker.java:52)
	at org.testng.SuiteRunnerWorker.run(SuiteRunnerWorker.java:86)
	at org.testng.TestNG.runSuitesSequentially(TestNG.java:1244)
	at org.testng.TestNG.runSuitesLocally(TestNG.java:1169)
	at org.testng.TestNG.run(TestNG.java:1064)
	at org.apache.maven.surefire.testng.TestNGExecutor.run(TestNGExecutor.java:115)
	at org.apache.maven.surefire.testng.TestNGDirectoryTestSuite.executeMulti(TestNGDirectoryTestSuite.java:204)
	at org.apache.maven.surefire.testng.TestNGDirectoryTestSuite.execute(TestNGDirectoryTestSuite.java:107)
	at org.apache.maven.surefire.testng.TestNGProvider.invoke(TestNGProvider.java:112)
	at org.apache.maven.surefire.booter.ForkedBooter.invokeProviderInSameClassLoader(ForkedBooter.java:200)
	at org.apache.maven.surefire.booter.ForkedBooter.runSuitesInProcess(ForkedBooter.java:153)
	at org.apache.maven.surefire.booter.ForkedBooter.main(ForkedBooter.java:103)
</pre></div></td>
<td>0</td>
<td>com.jakub.ajamarks.services.showdataservices.StudentServiceImplTest@7f690630</td></tr>
<tr>
<td title='com.jakub.ajamarks.services.showdataservices.StudentServiceImplTest.getClassroomStudentsByClassroomNameDescLastNumberTest()'><b>getClassroomStudentsByClassroomNameDescLastNumberTest</b><br>Test class: com.jakub.ajamarks.services.showdataservices.StudentServiceImplTest</td>
<td></td>
<td>0</td>
<td>com.jakub.ajamarks.services.showdataservices.StudentServiceImplTest@7f690630</td></tr>
<tr>
<td title='com.jakub.ajamarks.services.showdataservices.StudentServiceImplTest.getClassroomStudentsByClassroomNameDescLastNumber_IllegalArgumentExceptionTest()'><b>getClassroomStudentsByClassroomNameDescLastNumber_IllegalArgumentExceptionTest</b><br>Test class: com.jakub.ajamarks.services.showdataservices.StudentServiceImplTest</td>
<td><div><pre>java.lang.IllegalArgumentException: classroom number can&apos;t be less than 1
	at com.google.common.base.Preconditions.checkArgument(Preconditions.java:122)
	at com.jakub.ajamarks.services.showdataservices.StudentServiceImpl.getClassroomStudentsByClassroomNumberDescLastName(StudentServiceImpl.java:70)
	at com.jakub.ajamarks.services.showdataservices.StudentServiceImplTest.getClassroomStudentsByClassroomNameDescLastNumber_IllegalArgumentExceptionTest(StudentServiceImplTest.java:211)
... Removed 28 stack frames</pre></div><a href='#' onClick='toggleBox("stack-trace494586676", this, "Click to show all stack frames", "Click to hide stack frames")'>Click to show all stack frames</a>
<div class='stack-trace' id='stack-trace494586676'><pre>java.lang.IllegalArgumentException: classroom number can&apos;t be less than 1
	at com.google.common.base.Preconditions.checkArgument(Preconditions.java:122)
	at com.jakub.ajamarks.services.showdataservices.StudentServiceImpl.getClassroomStudentsByClassroomNumberDescLastName(StudentServiceImpl.java:70)
	at com.jakub.ajamarks.services.showdataservices.StudentServiceImplTest.getClassroomStudentsByClassroomNameDescLastNumber_IllegalArgumentExceptionTest(StudentServiceImplTest.java:211)
	at sun.reflect.NativeMethodAccessorImpl.invoke0(Native Method)
	at sun.reflect.NativeMethodAccessorImpl.invoke(NativeMethodAccessorImpl.java:62)
	at sun.reflect.DelegatingMethodAccessorImpl.invoke(DelegatingMethodAccessorImpl.java:43)
	at java.lang.reflect.Method.invoke(Method.java:498)
	at org.testng.internal.MethodInvocationHelper.invokeMethod(MethodInvocationHelper.java:86)
	at org.testng.internal.Invoker.invokeMethod(Invoker.java:643)
	at org.testng.internal.Invoker.invokeTestMethod(Invoker.java:820)
	at org.testng.internal.Invoker.invokeTestMethods(Invoker.java:1128)
	at org.testng.internal.TestMethodWorker.invokeTestMethods(TestMethodWorker.java:129)
	at org.testng.internal.TestMethodWorker.run(TestMethodWorker.java:112)
	at org.testng.TestRunner.privateRun(TestRunner.java:782)
	at org.testng.TestRunner.run(TestRunner.java:632)
	at org.testng.SuiteRunner.runTest(SuiteRunner.java:366)
	at org.testng.SuiteRunner.runSequentially(SuiteRunner.java:361)
	at org.testng.SuiteRunner.privateRun(SuiteRunner.java:319)
	at org.testng.SuiteRunner.run(SuiteRunner.java:268)
	at org.testng.SuiteRunnerWorker.runSuite(SuiteRunnerWorker.java:52)
	at org.testng.SuiteRunnerWorker.run(SuiteRunnerWorker.java:86)
	at org.testng.TestNG.runSuitesSequentially(TestNG.java:1244)
	at org.testng.TestNG.runSuitesLocally(TestNG.java:1169)
	at org.testng.TestNG.run(TestNG.java:1064)
	at org.apache.maven.surefire.testng.TestNGExecutor.run(TestNGExecutor.java:115)
	at org.apache.maven.surefire.testng.TestNGDirectoryTestSuite.executeMulti(TestNGDirectoryTestSuite.java:204)
	at org.apache.maven.surefire.testng.TestNGDirectoryTestSuite.execute(TestNGDirectoryTestSuite.java:107)
	at org.apache.maven.surefire.testng.TestNGProvider.invoke(TestNGProvider.java:112)
	at org.apache.maven.surefire.booter.ForkedBooter.invokeProviderInSameClassLoader(ForkedBooter.java:200)
	at org.apache.maven.surefire.booter.ForkedBooter.runSuitesInProcess(ForkedBooter.java:153)
	at org.apache.maven.surefire.booter.ForkedBooter.main(ForkedBooter.java:103)
</pre></div></td>
<td>0</td>
<td>com.jakub.ajamarks.services.showdataservices.StudentServiceImplTest@7f690630</td></tr>
<tr>
<td title='com.jakub.ajamarks.services.showdataservices.StudentServiceImplTest.getStudentByIdTest()'><b>getStudentByIdTest</b><br>Test class: com.jakub.ajamarks.services.showdataservices.StudentServiceImplTest</td>
<td></td>
<td>0</td>
<td>com.jakub.ajamarks.services.showdataservices.StudentServiceImplTest@7f690630</td></tr>
<tr>
<td title='com.jakub.ajamarks.services.showdataservices.StudentServiceImplTest.getStudentById_IllegalArgumentExceptionTest()'><b>getStudentById_IllegalArgumentExceptionTest</b><br>Test class: com.jakub.ajamarks.services.showdataservices.StudentServiceImplTest</td>
<td><div><pre>java.lang.IllegalArgumentException: id student can&apos;t be less than 1
	at com.google.common.base.Preconditions.checkArgument(Preconditions.java:122)
	at com.jakub.ajamarks.services.showdataservices.StudentServiceImpl.getStudentById(StudentServiceImpl.java:58)
	at com.jakub.ajamarks.services.showdataservices.StudentServiceImplTest.getStudentById_IllegalArgumentExceptionTest(StudentServiceImplTest.java:167)
... Removed 28 stack frames</pre></div><a href='#' onClick='toggleBox("stack-trace79290965", this, "Click to show all stack frames", "Click to hide stack frames")'>Click to show all stack frames</a>
<div class='stack-trace' id='stack-trace79290965'><pre>java.lang.IllegalArgumentException: id student can&apos;t be less than 1
	at com.google.common.base.Preconditions.checkArgument(Preconditions.java:122)
	at com.jakub.ajamarks.services.showdataservices.StudentServiceImpl.getStudentById(StudentServiceImpl.java:58)
	at com.jakub.ajamarks.services.showdataservices.StudentServiceImplTest.getStudentById_IllegalArgumentExceptionTest(StudentServiceImplTest.java:167)
	at sun.reflect.NativeMethodAccessorImpl.invoke0(Native Method)
	at sun.reflect.NativeMethodAccessorImpl.invoke(NativeMethodAccessorImpl.java:62)
	at sun.reflect.DelegatingMethodAccessorImpl.invoke(DelegatingMethodAccessorImpl.java:43)
	at java.lang.reflect.Method.invoke(Method.java:498)
	at org.testng.internal.MethodInvocationHelper.invokeMethod(MethodInvocationHelper.java:86)
	at org.testng.internal.Invoker.invokeMethod(Invoker.java:643)
	at org.testng.internal.Invoker.invokeTestMethod(Invoker.java:820)
	at org.testng.internal.Invoker.invokeTestMethods(Invoker.java:1128)
	at org.testng.internal.TestMethodWorker.invokeTestMethods(TestMethodWorker.java:129)
	at org.testng.internal.TestMethodWorker.run(TestMethodWorker.java:112)
	at org.testng.TestRunner.privateRun(TestRunner.java:782)
	at org.testng.TestRunner.run(TestRunner.java:632)
	at org.testng.SuiteRunner.runTest(SuiteRunner.java:366)
	at org.testng.SuiteRunner.runSequentially(SuiteRunner.java:361)
	at org.testng.SuiteRunner.privateRun(SuiteRunner.java:319)
	at org.testng.SuiteRunner.run(SuiteRunner.java:268)
	at org.testng.SuiteRunnerWorker.runSuite(SuiteRunnerWorker.java:52)
	at org.testng.SuiteRunnerWorker.run(SuiteRunnerWorker.java:86)
	at org.testng.TestNG.runSuitesSequentially(TestNG.java:1244)
	at org.testng.TestNG.runSuitesLocally(TestNG.java:1169)
	at org.testng.TestNG.run(TestNG.java:1064)
	at org.apache.maven.surefire.testng.TestNGExecutor.run(TestNGExecutor.java:115)
	at org.apache.maven.surefire.testng.TestNGDirectoryTestSuite.executeMulti(TestNGDirectoryTestSuite.java:204)
	at org.apache.maven.surefire.testng.TestNGDirectoryTestSuite.execute(TestNGDirectoryTestSuite.java:107)
	at org.apache.maven.surefire.testng.TestNGProvider.invoke(TestNGProvider.java:112)
	at org.apache.maven.surefire.booter.ForkedBooter.invokeProviderInSameClassLoader(ForkedBooter.java:200)
	at org.apache.maven.surefire.booter.ForkedBooter.runSuitesInProcess(ForkedBooter.java:153)
	at org.apache.maven.surefire.booter.ForkedBooter.main(ForkedBooter.java:103)
</pre></div></td>
<td>0</td>
<td>com.jakub.ajamarks.services.showdataservices.StudentServiceImplTest@7f690630</td></tr>
<tr>
<td title='com.jakub.ajamarks.services.showdataservices.StudentServiceImplTest.getStudentByUserNameTest()'><b>getStudentByUserNameTest</b><br>Test class: com.jakub.ajamarks.services.showdataservices.StudentServiceImplTest</td>
<td></td>
<td>0</td>
<td>com.jakub.ajamarks.services.showdataservices.StudentServiceImplTest@7f690630</td></tr>
<tr>
<td title='com.jakub.ajamarks.services.showdataservices.StudentServiceImplTest.getStudentByUserName_IllegalArgumentExceptionTest()'><b>getStudentByUserName_IllegalArgumentExceptionTest</b><br>Test class: com.jakub.ajamarks.services.showdataservices.StudentServiceImplTest</td>
<td><div><pre>java.lang.IllegalArgumentException: student&apos;s user name can&apos;t be null
	at com.google.common.base.Preconditions.checkArgument(Preconditions.java:122)
	at com.jakub.ajamarks.services.showdataservices.StudentServiceImpl.getStudentByUserName(StudentServiceImpl.java:64)
	at com.jakub.ajamarks.services.showdataservices.StudentServiceImplTest.getStudentByUserName_IllegalArgumentExceptionTest(StudentServiceImplTest.java:189)
... Removed 28 stack frames</pre></div><a href='#' onClick='toggleBox("stack-trace2134991632", this, "Click to show all stack frames", "Click to hide stack frames")'>Click to show all stack frames</a>
<div class='stack-trace' id='stack-trace2134991632'><pre>java.lang.IllegalArgumentException: student&apos;s user name can&apos;t be null
	at com.google.common.base.Preconditions.checkArgument(Preconditions.java:122)
	at com.jakub.ajamarks.services.showdataservices.StudentServiceImpl.getStudentByUserName(StudentServiceImpl.java:64)
	at com.jakub.ajamarks.services.showdataservices.StudentServiceImplTest.getStudentByUserName_IllegalArgumentExceptionTest(StudentServiceImplTest.java:189)
	at sun.reflect.NativeMethodAccessorImpl.invoke0(Native Method)
	at sun.reflect.NativeMethodAccessorImpl.invoke(NativeMethodAccessorImpl.java:62)
	at sun.reflect.DelegatingMethodAccessorImpl.invoke(DelegatingMethodAccessorImpl.java:43)
	at java.lang.reflect.Method.invoke(Method.java:498)
	at org.testng.internal.MethodInvocationHelper.invokeMethod(MethodInvocationHelper.java:86)
	at org.testng.internal.Invoker.invokeMethod(Invoker.java:643)
	at org.testng.internal.Invoker.invokeTestMethod(Invoker.java:820)
	at org.testng.internal.Invoker.invokeTestMethods(Invoker.java:1128)
	at org.testng.internal.TestMethodWorker.invokeTestMethods(TestMethodWorker.java:129)
	at org.testng.internal.TestMethodWorker.run(TestMethodWorker.java:112)
	at org.testng.TestRunner.privateRun(TestRunner.java:782)
	at org.testng.TestRunner.run(TestRunner.java:632)
	at org.testng.SuiteRunner.runTest(SuiteRunner.java:366)
	at org.testng.SuiteRunner.runSequentially(SuiteRunner.java:361)
	at org.testng.SuiteRunner.privateRun(SuiteRunner.java:319)
	at org.testng.SuiteRunner.run(SuiteRunner.java:268)
	at org.testng.SuiteRunnerWorker.runSuite(SuiteRunnerWorker.java:52)
	at org.testng.SuiteRunnerWorker.run(SuiteRunnerWorker.java:86)
	at org.testng.TestNG.runSuitesSequentially(TestNG.java:1244)
	at org.testng.TestNG.runSuitesLocally(TestNG.java:1169)
	at org.testng.TestNG.run(TestNG.java:1064)
	at org.apache.maven.surefire.testng.TestNGExecutor.run(TestNGExecutor.java:115)
	at org.apache.maven.surefire.testng.TestNGDirectoryTestSuite.executeMulti(TestNGDirectoryTestSuite.java:204)
	at org.apache.maven.surefire.testng.TestNGDirectoryTestSuite.execute(TestNGDirectoryTestSuite.java:107)
	at org.apache.maven.surefire.testng.TestNGProvider.invoke(TestNGProvider.java:112)
	at org.apache.maven.surefire.booter.ForkedBooter.invokeProviderInSameClassLoader(ForkedBooter.java:200)
	at org.apache.maven.surefire.booter.ForkedBooter.runSuitesInProcess(ForkedBooter.java:153)
	at org.apache.maven.surefire.booter.ForkedBooter.main(ForkedBooter.java:103)
</pre></div></td>
<td>0</td>
<td>com.jakub.ajamarks.services.showdataservices.StudentServiceImplTest@7f690630</td></tr>
<tr>
<td title='com.jakub.ajamarks.services.showdataservices.StudentServiceImplTest.getStudentsWithGivenMarkTest()'><b>getStudentsWithGivenMarkTest</b><br>Test class: com.jakub.ajamarks.services.showdataservices.StudentServiceImplTest</td>
<td></td>
<td>0</td>
<td>com.jakub.ajamarks.services.showdataservices.StudentServiceImplTest@7f690630</td></tr>
<tr>
<td title='com.jakub.ajamarks.services.showdataservices.StudentServiceImplTest.getStudentsWithGivenMark_IllegalArgumentExceptionTest()'><b>getStudentsWithGivenMark_IllegalArgumentExceptionTest</b><br>Test class: com.jakub.ajamarks.services.showdataservices.StudentServiceImplTest</td>
<td><div><pre>java.lang.IllegalArgumentException: mark mast be from 1 to 6 
	at com.google.common.base.Preconditions.checkArgument(Preconditions.java:122)
	at com.jakub.ajamarks.services.showdataservices.StudentServiceImpl.getStudentsWithGivenMark(StudentServiceImpl.java:82)
	at com.jakub.ajamarks.services.showdataservices.StudentServiceImplTest.getStudentsWithGivenMark_IllegalArgumentExceptionTest(StudentServiceImplTest.java:262)
... Removed 28 stack frames</pre></div><a href='#' onClick='toggleBox("stack-trace1849201180", this, "Click to show all stack frames", "Click to hide stack frames")'>Click to show all stack frames</a>
<div class='stack-trace' id='stack-trace1849201180'><pre>java.lang.IllegalArgumentException: mark mast be from 1 to 6 
	at com.google.common.base.Preconditions.checkArgument(Preconditions.java:122)
	at com.jakub.ajamarks.services.showdataservices.StudentServiceImpl.getStudentsWithGivenMark(StudentServiceImpl.java:82)
	at com.jakub.ajamarks.services.showdataservices.StudentServiceImplTest.getStudentsWithGivenMark_IllegalArgumentExceptionTest(StudentServiceImplTest.java:262)
	at sun.reflect.NativeMethodAccessorImpl.invoke0(Native Method)
	at sun.reflect.NativeMethodAccessorImpl.invoke(NativeMethodAccessorImpl.java:62)
	at sun.reflect.DelegatingMethodAccessorImpl.invoke(DelegatingMethodAccessorImpl.java:43)
	at java.lang.reflect.Method.invoke(Method.java:498)
	at org.testng.internal.MethodInvocationHelper.invokeMethod(MethodInvocationHelper.java:86)
	at org.testng.internal.Invoker.invokeMethod(Invoker.java:643)
	at org.testng.internal.Invoker.invokeTestMethod(Invoker.java:820)
	at org.testng.internal.Invoker.invokeTestMethods(Invoker.java:1128)
	at org.testng.internal.TestMethodWorker.invokeTestMethods(TestMethodWorker.java:129)
	at org.testng.internal.TestMethodWorker.run(TestMethodWorker.java:112)
	at org.testng.TestRunner.privateRun(TestRunner.java:782)
	at org.testng.TestRunner.run(TestRunner.java:632)
	at org.testng.SuiteRunner.runTest(SuiteRunner.java:366)
	at org.testng.SuiteRunner.runSequentially(SuiteRunner.java:361)
	at org.testng.SuiteRunner.privateRun(SuiteRunner.java:319)
	at org.testng.SuiteRunner.run(SuiteRunner.java:268)
	at org.testng.SuiteRunnerWorker.runSuite(SuiteRunnerWorker.java:52)
	at org.testng.SuiteRunnerWorker.run(SuiteRunnerWorker.java:86)
	at org.testng.TestNG.runSuitesSequentially(TestNG.java:1244)
	at org.testng.TestNG.runSuitesLocally(TestNG.java:1169)
	at org.testng.TestNG.run(TestNG.java:1064)
	at org.apache.maven.surefire.testng.TestNGExecutor.run(TestNGExecutor.java:115)
	at org.apache.maven.surefire.testng.TestNGDirectoryTestSuite.executeMulti(TestNGDirectoryTestSuite.java:204)
	at org.apache.maven.surefire.testng.TestNGDirectoryTestSuite.execute(TestNGDirectoryTestSuite.java:107)
	at org.apache.maven.surefire.testng.TestNGProvider.invoke(TestNGProvider.java:112)
	at org.apache.maven.surefire.booter.ForkedBooter.invokeProviderInSameClassLoader(ForkedBooter.java:200)
	at org.apache.maven.surefire.booter.ForkedBooter.runSuitesInProcess(ForkedBooter.java:153)
	at org.apache.maven.surefire.booter.ForkedBooter.main(ForkedBooter.java:103)
</pre></div></td>
<td>0</td>
<td>com.jakub.ajamarks.services.showdataservices.StudentServiceImplTest@7f690630</td></tr>
<tr>
<td title='com.jakub.ajamarks.services.showdataservices.StudentServiceImplTest.getStudentsWithoutGivenMarkTest()'><b>getStudentsWithoutGivenMarkTest</b><br>Test class: com.jakub.ajamarks.services.showdataservices.StudentServiceImplTest</td>
<td></td>
<td>0</td>
<td>com.jakub.ajamarks.services.showdataservices.StudentServiceImplTest@7f690630</td></tr>
<tr>
<td title='com.jakub.ajamarks.services.showdataservices.StudentServiceImplTest.getStudentsWithoutGivenMark_IllegalArgumentExceptionTest()'><b>getStudentsWithoutGivenMark_IllegalArgumentExceptionTest</b><br>Test class: com.jakub.ajamarks.services.showdataservices.StudentServiceImplTest</td>
<td><div><pre>java.lang.IllegalArgumentException: mark mast be from 1 to 6 
	at com.google.common.base.Preconditions.checkArgument(Preconditions.java:122)
	at com.jakub.ajamarks.services.showdataservices.StudentServiceImpl.getStudentsWithoutGivenMark(StudentServiceImpl.java:100)
	at com.jakub.ajamarks.services.showdataservices.StudentServiceImplTest.getStudentsWithoutGivenMark_IllegalArgumentExceptionTest(StudentServiceImplTest.java:291)
... Removed 28 stack frames</pre></div><a href='#' onClick='toggleBox("stack-trace943081537", this, "Click to show all stack frames", "Click to hide stack frames")'>Click to show all stack frames</a>
<div class='stack-trace' id='stack-trace943081537'><pre>java.lang.IllegalArgumentException: mark mast be from 1 to 6 
	at com.google.common.base.Preconditions.checkArgument(Preconditions.java:122)
	at com.jakub.ajamarks.services.showdataservices.StudentServiceImpl.getStudentsWithoutGivenMark(StudentServiceImpl.java:100)
	at com.jakub.ajamarks.services.showdataservices.StudentServiceImplTest.getStudentsWithoutGivenMark_IllegalArgumentExceptionTest(StudentServiceImplTest.java:291)
	at sun.reflect.NativeMethodAccessorImpl.invoke0(Native Method)
	at sun.reflect.NativeMethodAccessorImpl.invoke(NativeMethodAccessorImpl.java:62)
	at sun.reflect.DelegatingMethodAccessorImpl.invoke(DelegatingMethodAccessorImpl.java:43)
	at java.lang.reflect.Method.invoke(Method.java:498)
	at org.testng.internal.MethodInvocationHelper.invokeMethod(MethodInvocationHelper.java:86)
	at org.testng.internal.Invoker.invokeMethod(Invoker.java:643)
	at org.testng.internal.Invoker.invokeTestMethod(Invoker.java:820)
	at org.testng.internal.Invoker.invokeTestMethods(Invoker.java:1128)
	at org.testng.internal.TestMethodWorker.invokeTestMethods(TestMethodWorker.java:129)
	at org.testng.internal.TestMethodWorker.run(TestMethodWorker.java:112)
	at org.testng.TestRunner.privateRun(TestRunner.java:782)
	at org.testng.TestRunner.run(TestRunner.java:632)
	at org.testng.SuiteRunner.runTest(SuiteRunner.java:366)
	at org.testng.SuiteRunner.runSequentially(SuiteRunner.java:361)
	at org.testng.SuiteRunner.privateRun(SuiteRunner.java:319)
	at org.testng.SuiteRunner.run(SuiteRunner.java:268)
	at org.testng.SuiteRunnerWorker.runSuite(SuiteRunnerWorker.java:52)
	at org.testng.SuiteRunnerWorker.run(SuiteRunnerWorker.java:86)
	at org.testng.TestNG.runSuitesSequentially(TestNG.java:1244)
	at org.testng.TestNG.runSuitesLocally(TestNG.java:1169)
	at org.testng.TestNG.run(TestNG.java:1064)
	at org.apache.maven.surefire.testng.TestNGExecutor.run(TestNGExecutor.java:115)
	at org.apache.maven.surefire.testng.TestNGDirectoryTestSuite.executeMulti(TestNGDirectoryTestSuite.java:204)
	at org.apache.maven.surefire.testng.TestNGDirectoryTestSuite.execute(TestNGDirectoryTestSuite.java:107)
	at org.apache.maven.surefire.testng.TestNGProvider.invoke(TestNGProvider.java:112)
	at org.apache.maven.surefire.booter.ForkedBooter.invokeProviderInSameClassLoader(ForkedBooter.java:200)
	at org.apache.maven.surefire.booter.ForkedBooter.runSuitesInProcess(ForkedBooter.java:153)
	at org.apache.maven.surefire.booter.ForkedBooter.main(ForkedBooter.java:103)
</pre></div></td>
<td>0</td>
<td>com.jakub.ajamarks.services.showdataservices.StudentServiceImplTest@7f690630</td></tr>
<tr>
<td title='com.jakub.ajamarks.services.showdataservices.StudentServiceImplTest.saveStudentTest()'><b>saveStudentTest</b><br>Test class: com.jakub.ajamarks.services.showdataservices.StudentServiceImplTest</td>
<td></td>
<td>0</td>
<td>com.jakub.ajamarks.services.showdataservices.StudentServiceImplTest@7f690630</td></tr>
<tr>
<td title='com.jakub.ajamarks.services.showdataservices.StudentServiceImplTest.saveStudent_IllegalArgumentExceptionTest()'><b>saveStudent_IllegalArgumentExceptionTest</b><br>Test class: com.jakub.ajamarks.services.showdataservices.StudentServiceImplTest</td>
<td><div><pre>java.lang.IllegalArgumentException
</pre></div><a href='#' onClick='toggleBox("stack-trace366590980", this, "Click to show all stack frames", "Click to hide stack frames")'>Click to show all stack frames</a>
<div class='stack-trace' id='stack-trace366590980'><pre>java.lang.IllegalArgumentException
</pre></div></td>
<td>0</td>
<td>com.jakub.ajamarks.services.showdataservices.StudentServiceImplTest@7f690630</td></tr>
<tr>
<td title='com.jakub.ajamarks.repositories.StudentRepositoryTest.testFindStudentbyUserName()'><b>testFindStudentbyUserName</b><br>Test class: com.jakub.ajamarks.repositories.StudentRepositoryTest</td>
<td></td>
<td>0</td>
<td>com.jakub.ajamarks.repositories.StudentRepositoryTest@35f983a6</td></tr>
<tr>
<td title='com.jakub.ajamarks.repositories.ClassroomRepositoryTest.testFindStudentsInClassroom()'><b>testFindStudentsInClassroom</b><br>Test class: com.jakub.ajamarks.repositories.ClassroomRepositoryTest</td>
<td></td>
<td>0</td>
<td>com.jakub.ajamarks.repositories.ClassroomRepositoryTest@60f82f98</td></tr>
<tr>
<td title='com.jakub.ajamarks.services.showdataservices.StudentServiceImplTest.updateByUserNameTest()'><b>updateByUserNameTest</b><br>Test class: com.jakub.ajamarks.services.showdataservices.StudentServiceImplTest</td>
<td></td>
<td>0</td>
<td>com.jakub.ajamarks.services.showdataservices.StudentServiceImplTest@7f690630</td></tr>
<tr>
<td title='com.jakub.ajamarks.services.showdataservices.StudentServiceImplTest.updateByUserName_IllegalArgumentExceptionTest()'><b>updateByUserName_IllegalArgumentExceptionTest</b><br>Test class: com.jakub.ajamarks.services.showdataservices.StudentServiceImplTest</td>
<td><div><pre>java.lang.IllegalArgumentException
</pre></div><a href='#' onClick='toggleBox("stack-trace1684792003", this, "Click to show all stack frames", "Click to hide stack frames")'>Click to show all stack frames</a>
<div class='stack-trace' id='stack-trace1684792003'><pre>java.lang.IllegalArgumentException
</pre></div></td>
<td>0</td>
<td>com.jakub.ajamarks.services.showdataservices.StudentServiceImplTest@7f690630</td></tr>
<tr>
<td title='com.jakub.ajamarks.services.showdataservices.StudentServiceImplTest.updateByUserName_NullPointerExceptionTest()'><b>updateByUserName_NullPointerExceptionTest</b><br>Test class: com.jakub.ajamarks.services.showdataservices.StudentServiceImplTest</td>
<td><div><pre>java.lang.NullPointerException: student name can&apos;t be null
	at com.google.common.base.Preconditions.checkNotNull(Preconditions.java:228)
	at com.jakub.ajamarks.services.showdataservices.StudentServiceImpl.updateByUserName(StudentServiceImpl.java:39)
	at com.jakub.ajamarks.services.showdataservices.StudentServiceImplTest.updateByUserName_NullPointerExceptionTest(StudentServiceImplTest.java:113)
... Removed 28 stack frames</pre></div><a href='#' onClick='toggleBox("stack-trace2008966511", this, "Click to show all stack frames", "Click to hide stack frames")'>Click to show all stack frames</a>
<div class='stack-trace' id='stack-trace2008966511'><pre>java.lang.NullPointerException: student name can&apos;t be null
	at com.google.common.base.Preconditions.checkNotNull(Preconditions.java:228)
	at com.jakub.ajamarks.services.showdataservices.StudentServiceImpl.updateByUserName(StudentServiceImpl.java:39)
	at com.jakub.ajamarks.services.showdataservices.StudentServiceImplTest.updateByUserName_NullPointerExceptionTest(StudentServiceImplTest.java:113)
	at sun.reflect.NativeMethodAccessorImpl.invoke0(Native Method)
	at sun.reflect.NativeMethodAccessorImpl.invoke(NativeMethodAccessorImpl.java:62)
	at sun.reflect.DelegatingMethodAccessorImpl.invoke(DelegatingMethodAccessorImpl.java:43)
	at java.lang.reflect.Method.invoke(Method.java:498)
	at org.testng.internal.MethodInvocationHelper.invokeMethod(MethodInvocationHelper.java:86)
	at org.testng.internal.Invoker.invokeMethod(Invoker.java:643)
	at org.testng.internal.Invoker.invokeTestMethod(Invoker.java:820)
	at org.testng.internal.Invoker.invokeTestMethods(Invoker.java:1128)
	at org.testng.internal.TestMethodWorker.invokeTestMethods(TestMethodWorker.java:129)
	at org.testng.internal.TestMethodWorker.run(TestMethodWorker.java:112)
	at org.testng.TestRunner.privateRun(TestRunner.java:782)
	at org.testng.TestRunner.run(TestRunner.java:632)
	at org.testng.SuiteRunner.runTest(SuiteRunner.java:366)
	at org.testng.SuiteRunner.runSequentially(SuiteRunner.java:361)
	at org.testng.SuiteRunner.privateRun(SuiteRunner.java:319)
	at org.testng.SuiteRunner.run(SuiteRunner.java:268)
	at org.testng.SuiteRunnerWorker.runSuite(SuiteRunnerWorker.java:52)
	at org.testng.SuiteRunnerWorker.run(SuiteRunnerWorker.java:86)
	at org.testng.TestNG.runSuitesSequentially(TestNG.java:1244)
	at org.testng.TestNG.runSuitesLocally(TestNG.java:1169)
	at org.testng.TestNG.run(TestNG.java:1064)
	at org.apache.maven.surefire.testng.TestNGExecutor.run(TestNGExecutor.java:115)
	at org.apache.maven.surefire.testng.TestNGDirectoryTestSuite.executeMulti(TestNGDirectoryTestSuite.java:204)
	at org.apache.maven.surefire.testng.TestNGDirectoryTestSuite.execute(TestNGDirectoryTestSuite.java:107)
	at org.apache.maven.surefire.testng.TestNGProvider.invoke(TestNGProvider.java:112)
	at org.apache.maven.surefire.booter.ForkedBooter.invokeProviderInSameClassLoader(ForkedBooter.java:200)
	at org.apache.maven.surefire.booter.ForkedBooter.runSuitesInProcess(ForkedBooter.java:153)
	at org.apache.maven.surefire.booter.ForkedBooter.main(ForkedBooter.java:103)
</pre></div></td>
<td>0</td>
<td>com.jakub.ajamarks.services.showdataservices.StudentServiceImplTest@7f690630</td></tr>
</table><p>
</body>
</html>